
/home/runner/work/exp-flow-through-fittings-nitk/exp-flow-through-fittings-nitk/experiment/simulation/js/dpi.js
  39:5  error  Parsing error: Identifier 'canvas' has already been declared

/home/runner/work/exp-flow-through-fittings-nitk/exp-flow-through-fittings-nitk/experiment/simulation/js/jquery-3.6.0.js
     17:44  warning  'module' is not defined                                                    no-undef
     25:5   warning  'module' is not defined                                                    no-undef
    142:13  warning  'Symbol' is already defined as a built-in global variable                  no-redeclare
    717:22  warning  Unexpected control character(s) in regular expression: \x1f, \x1f          no-control-regex
    779:50  warning  Empty block statement                                                      no-empty
   2185:38  warning  Do not access Object.prototype method 'hasOwnProperty' from target object  no-prototype-builtins
   3205:16  warning  Unnecessary escape character: \/                                           no-useless-escape
   3507:52  warning  Empty block statement                                                      no-empty
   4584:21  warning  Empty block statement                                                      no-empty
   5051:28  warning  Unnecessary escape character: \/                                           no-useless-escape
   5268:19  warning  Empty block statement                                                      no-empty
   6564:25  warning  Empty block statement                                                      no-empty
   9171:17  warning  Empty block statement                                                      no-empty
   9819:28  warning  'urlAnchor.href' is assigned to itself                                     no-self-assign
  10269:17  warning  Empty block statement                                                      no-empty
  11162:39  warning  'define' is not defined                                                    no-undef
  11163:5   warning  'define' is not defined                                                    no-undef

/home/runner/work/exp-flow-through-fittings-nitk/exp-flow-through-fittings-nitk/experiment/simulation/js/jquery.ui.touch-punch.js
  174:4  warning  'jQuery' is not defined  no-undef

/home/runner/work/exp-flow-through-fittings-nitk/exp-flow-through-fittings-nitk/experiment/simulation/js/jquery.ui.touch-punch.min.js
  81:4  warning  'jQuery' is not defined  no-undef

/home/runner/work/exp-flow-through-fittings-nitk/exp-flow-through-fittings-nitk/experiment/simulation/js/jquerymin.js
  2:71     warning  'module' is not defined                                                    no-undef
  2:86     warning  'module' is not defined                                                    no-undef
  2:863    warning  'b' is assigned a value but never used                                     no-unused-vars
  2:3050   warning  'r' is assigned a value but never used                                     no-unused-vars
  2:5376   warning  Unexpected control character(s) in regular expression: \x1f, \x1f          no-control-regex
  2:5847   warning  Expected a conditional expression and instead saw an assignment            no-cond-assign
  2:6101   warning  Expected a conditional expression and instead saw an assignment            no-cond-assign
  2:6532   warning  Expected a conditional expression and instead saw an assignment            no-cond-assign
  2:6758   warning  Empty block statement                                                      no-empty
  2:7320   warning  Expected a conditional expression and instead saw an assignment            no-cond-assign
  2:9378   warning  Expected a conditional expression and instead saw an assignment            no-cond-assign
  2:9688   warning  Expected a conditional expression and instead saw an assignment            no-cond-assign
  2:11489  warning  Expected a conditional expression and instead saw an assignment            no-cond-assign
  2:12064  warning  Expected a conditional expression and instead saw an assignment            no-cond-assign
  2:12102  warning  Expected a conditional expression and instead saw an assignment            no-cond-assign
  2:12520  warning  Empty block statement                                                      no-empty
  2:13134  warning  Expected a conditional expression and instead saw an assignment            no-cond-assign
  2:13446  warning  Expected a conditional expression and instead saw an assignment            no-cond-assign
  2:15271  warning  Expected a conditional expression and instead saw an assignment            no-cond-assign
  2:15542  warning  Expected a conditional expression and instead saw an assignment            no-cond-assign
  2:15740  warning  Expected a conditional expression and instead saw an assignment            no-cond-assign
  2:16114  warning  Do not access Object.prototype method 'hasOwnProperty' from target object  no-prototype-builtins
  2:16815  warning  Expected a conditional expression and instead saw an assignment            no-cond-assign
  2:19155  warning  Expected a conditional expression and instead saw an assignment            no-cond-assign
  2:19255  warning  Expected a conditional expression and instead saw an assignment            no-cond-assign
  2:19315  warning  Expected a conditional expression and instead saw an assignment            no-cond-assign
  2:20674  warning  Expected a conditional expression and instead saw an assignment            no-cond-assign
  2:21288  warning  Expected a conditional expression and instead saw an assignment            no-cond-assign
  2:21399  warning  Expected a conditional expression and instead saw an assignment            no-cond-assign
  2:23719  warning  Unnecessary escape character: \/                                           no-useless-escape
  2:33344  warning  Empty block statement                                                      no-empty
  2:37050  warning  Unnecessary escape character: \/                                           no-useless-escape
  2:38265  warning  Expected a conditional expression and instead saw an assignment            no-cond-assign
  2:38405  warning  Expected a conditional expression and instead saw an assignment            no-cond-assign
  2:39039  warning  Empty block statement                                                      no-empty
  2:45778  warning  Unnecessary escape character: \/                                           no-useless-escape
  2:48087  warning  Expected a conditional expression and instead saw an assignment            no-cond-assign
  2:49647  warning  Empty block statement                                                      no-empty
  2:57298  warning  Expected a conditional expression and instead saw an assignment            no-cond-assign
  2:59847  warning  Expected a conditional expression and instead saw an assignment            no-cond-assign
  2:64132  warning  Expected a conditional expression and instead saw an assignment            no-cond-assign
  2:65877  warning  Expected a conditional expression and instead saw an assignment            no-cond-assign
  2:65943  warning  Expected a conditional expression and instead saw an assignment            no-cond-assign
  2:66247  warning  Expected a conditional expression and instead saw an assignment            no-cond-assign
  2:66313  warning  Expected a conditional expression and instead saw an assignment            no-cond-assign
  2:66720  warning  Expected a conditional expression and instead saw an assignment            no-cond-assign
  2:66997  warning  Expected a conditional expression and instead saw an assignment            no-cond-assign
  2:72432  warning  Expected a conditional expression and instead saw an assignment            no-cond-assign
  2:74924  warning  Expected a conditional expression and instead saw an assignment            no-cond-assign
  2:75645  warning  'l.href' is assigned to itself                                             no-self-assign
  2:79204  warning  Empty block statement                                                      no-empty
  2:83243  warning  Expected a conditional expression and instead saw an assignment            no-cond-assign
  2:83243  warning  'l' is assigned a value but never used                                     no-unused-vars
  2:86651  warning  'define' is not defined                                                    no-undef
  2:86663  warning  'define' is not defined                                                    no-undef

/home/runner/work/exp-flow-through-fittings-nitk/exp-flow-through-fittings-nitk/experiment/simulation/js/propeller.min.js
  1:7925  warning  'a' is defined but never used  no-unused-vars
  1:8813  warning  'f' is already defined         no-redeclare
  1:9265  warning  '$' is not defined             no-undef
  1:9280  warning  '$' is not defined             no-undef
  1:9306  warning  '$' is not defined             no-undef
  1:9358  warning  '$' is not defined             no-undef
  1:9404  warning  '$' is not defined             no-undef
  1:9431  warning  '$' is not defined             no-undef

/home/runner/work/exp-flow-through-fittings-nitk/exp-flow-through-fittings-nitk/experiment/simulation/js/sgca.js
     2:5   warning  'mpointer' is assigned a value but never used                                                                          no-unused-vars
     3:5   warning  'repeat' is assigned a value but never used                                                                            no-unused-vars
     4:5   warning  'a' is defined but never used                                                                                          no-unused-vars
     4:8   warning  'p' is defined but never used                                                                                          no-unused-vars
     4:11  warning  'lastp' is defined but never used                                                                                      no-unused-vars
     4:18  warning  'n' is defined but never used                                                                                          no-unused-vars
     4:21  warning  'b' is defined but never used                                                                                          no-unused-vars
     4:24  warning  'q' is defined but never used                                                                                          no-unused-vars
     4:27  warning  'flag' is assigned a value but never used                                                                              no-unused-vars
     5:5   warning  'avg' is defined but never used                                                                                        no-unused-vars
     5:10  warning  'average' is defined but never used                                                                                    no-unused-vars
    28:10  warning  'goToStart' is defined but never used                                                                                  no-unused-vars
    65:10  warning  'changeOriginal' is defined but never used                                                                             no-unused-vars
    72:10  warning  'temp' is not defined                                                                                                  no-undef
    72:20  warning  'temp' is not defined                                                                                                  no-undef
    72:31  warning  'temp' is not defined                                                                                                  no-undef
    73:44  warning  'temp' is not defined                                                                                                  no-undef
    75:5   warning  'simsubscreennum' is not defined                                                                                       no-undef
    76:40  warning  'simsubscreennum' is not defined                                                                                       no-undef
    81:10  warning  'navNext' is defined but never used                                                                                    no-unused-vars
    82:10  warning  'temp' is not defined                                                                                                  no-undef
    82:20  warning  'temp' is not defined                                                                                                  no-undef
    82:31  warning  'temp' is not defined                                                                                                  no-undef
    83:44  warning  'temp' is not defined                                                                                                  no-undef
    86:5   warning  'simsubscreennum' is not defined                                                                                       no-undef
    87:41  warning  'simsubscreennum' is not defined                                                                                       no-undef
    93:10  warning  'animatearrow' is defined but never used                                                                               no-unused-vars
   101:10  warning  'myStopFunction' is defined but never used                                                                             no-unused-vars
   102:19  warning  'myInt' is not defined                                                                                                 no-undef
   110:9   warning  'simsubscreennum' is not defined                                                                                       no-undef
   116:16  warning  'simsubscreennum' is not defined                                                                                       no-undef
   134:16  warning  'simsubscreennum' is not defined                                                                                       no-undef
   159:16  warning  'simsubscreennum' is not defined                                                                                       no-undef
   241:21  warning  'Propeller' is not defined                                                                                             no-undef
   260:16  warning  'simsubscreennum' is not defined                                                                                       no-undef
   274:10  warning  'dragAndRotate' is defined but never used                                                                              no-unused-vars
   282:10  warning  'temp' is not defined                                                                                                  no-undef
   282:20  warning  'temp' is not defined                                                                                                  no-undef
   282:31  warning  'temp' is not defined                                                                                                  no-undef
   283:44  warning  'temp' is not defined                                                                                                  no-undef
   285:5   warning  'simsubscreennum' is not defined                                                                                       no-undef
   286:40  warning  'simsubscreennum' is not defined                                                                                       no-undef
   336:10  warning  'temp' is not defined                                                                                                  no-undef
   336:20  warning  'temp' is not defined                                                                                                  no-undef
   336:31  warning  'temp' is not defined                                                                                                  no-undef
   337:44  warning  'temp' is not defined                                                                                                  no-undef
   339:5   warning  'simsubscreennum' is not defined                                                                                       no-undef
   340:40  warning  'simsubscreennum' is not defined                                                                                       no-undef
   368:10  warning  'temp' is not defined                                                                                                  no-undef
   368:20  warning  'temp' is not defined                                                                                                  no-undef
   368:31  warning  'temp' is not defined                                                                                                  no-undef
   369:44  warning  'temp' is not defined                                                                                                  no-undef
   371:5   warning  'simsubscreennum' is not defined                                                                                       no-undef
   372:40  warning  'simsubscreennum' is not defined                                                                                       no-undef
   414:10  warning  'temp' is not defined                                                                                                  no-undef
   414:20  warning  'temp' is not defined                                                                                                  no-undef
   414:31  warning  'temp' is not defined                                                                                                  no-undef
   415:44  warning  'temp' is not defined                                                                                                  no-undef
   417:5   warning  'simsubscreennum' is not defined                                                                                       no-undef
   418:40  warning  'simsubscreennum' is not defined                                                                                       no-undef
   448:10  warning  'temp' is not defined                                                                                                  no-undef
   448:20  warning  'temp' is not defined                                                                                                  no-undef
   448:31  warning  'temp' is not defined                                                                                                  no-undef
   449:44  warning  'temp' is not defined                                                                                                  no-undef
   451:5   warning  'simsubscreennum' is not defined                                                                                       no-undef
   452:40  warning  'simsubscreennum' is not defined                                                                                       no-undef
   461:10  warning  'temp' is not defined                                                                                                  no-undef
   461:20  warning  'temp' is not defined                                                                                                  no-undef
   461:31  warning  'temp' is not defined                                                                                                  no-undef
   462:44  warning  'temp' is not defined                                                                                                  no-undef
   464:5   warning  'simsubscreennum' is not defined                                                                                       no-undef
   465:40  warning  'simsubscreennum' is not defined                                                                                       no-undef
   503:10  warning  'temp' is not defined                                                                                                  no-undef
   503:20  warning  'temp' is not defined                                                                                                  no-undef
   503:31  warning  'temp' is not defined                                                                                                  no-undef
   504:44  warning  'temp' is not defined                                                                                                  no-undef
   506:5   warning  'simsubscreennum' is not defined                                                                                       no-undef
   508:40  warning  'simsubscreennum' is not defined                                                                                       no-undef
   690:10  warning  'selectAction' is defined but never used                                                                               no-unused-vars
   693:5   warning  'simsubscreennum' is not defined                                                                                       no-undef
   699:10  warning  'setFittingused' is defined but never used                                                                             no-unused-vars
   706:10  warning  This branch can never execute. Its condition is a duplicate or covered by previous conditions in the if-else-if chain  no-dupe-else-if
   708:10  warning  This branch can never execute. Its condition is a duplicate or covered by previous conditions in the if-else-if chain  no-dupe-else-if
   710:10  warning  This branch can never execute. Its condition is a duplicate or covered by previous conditions in the if-else-if chain  no-dupe-else-if
   712:10  warning  This branch can never execute. Its condition is a duplicate or covered by previous conditions in the if-else-if chain  no-dupe-else-if
   714:10  warning  This branch can never execute. Its condition is a duplicate or covered by previous conditions in the if-else-if chain  no-dupe-else-if
   716:10  warning  This branch can never execute. Its condition is a duplicate or covered by previous conditions in the if-else-if chain  no-dupe-else-if
   725:10  warning  'mclose' is defined but never used                                                                                     no-unused-vars
   730:10  warning  'mclose1' is defined but never used                                                                                    no-unused-vars
   741:10  warning  'setPipeDia' is defined but never used                                                                                 no-unused-vars
   770:10  warning  'setProcessFluid' is defined but never used                                                                            no-unused-vars
   788:10  warning  'setManoFluid' is defined but never used                                                                               no-unused-vars
   805:5   warning  'x' is assigned a value but never used                                                                                 no-unused-vars
   806:5   warning  'numberOfClicks' is assigned a value but never used                                                                    no-unused-vars
   807:5   warning  'h1Val' is assigned a value but never used                                                                             no-unused-vars
   808:5   warning  'h2Val' is assigned a value but never used                                                                             no-unused-vars
   818:5   warning  'heightRight' is assigned a value but never used                                                                       no-unused-vars
   823:5   warning  'topRight' is assigned a value but never used                                                                          no-unused-vars
   826:5   warning  'heightPin' is assigned a value but never used                                                                         no-unused-vars
   827:5   warning  'heightPinNew' is assigned a value but never used                                                                      no-unused-vars
   900:9   warning  'frictionFactor' is assigned a value but never used                                                                    no-unused-vars
  1063:10  warning  'remAllRead' is defined but never used                                                                                 no-unused-vars
  1076:9   warning  '$' is not defined                                                                                                     no-undef
  1085:10  warning  'emailSend' is defined but never used                                                                                  no-unused-vars
  1108:10  warning  'sendEmail' is defined but never used                                                                                  no-unused-vars
  1112:5   warning  'emidlen' is not defined                                                                                               no-undef
  1114:9   warning  'emidlen' is not defined                                                                                               no-undef
  1123:14  warning  'i' is not defined                                                                                                     no-undef
  1123:21  warning  'i' is not defined                                                                                                     no-undef
  1123:44  warning  'i' is not defined                                                                                                     no-undef
  1126:44  warning  'i' is not defined                                                                                                     no-undef
  1130:17  warning  'info' is not defined                                                                                                  no-undef
  1130:34  warning  'info' is not defined                                                                                                  no-undef
  1132:13  warning  'info' is not defined                                                                                                  no-undef
  1132:30  warning  'info' is not defined                                                                                                  no-undef
  1146:10  warning  'setemail' is defined but never used                                                                                   no-unused-vars
  1151:10  warning  'remSelRead' is defined but never used                                                                                 no-unused-vars
  1161:10  warning  'i' is not defined                                                                                                     no-undef
  1161:17  warning  'i' is not defined                                                                                                     no-undef
  1161:34  warning  'i' is not defined                                                                                                     no-undef
  1162:14  warning  'i' is not defined                                                                                                     no-undef
  1229:10  warning  'gotoObservation' is defined but never used                                                                            no-unused-vars
  1374:5   warning  'simsubscreennum' is not defined                                                                                       no-undef
  1377:41  warning  'simsubscreennum' is not defined                                                                                       no-undef
  1385:5   warning  'pipeLengthEval' is assigned a value but never used                                                                    no-unused-vars
  1387:10  warning  'setPipeLengthEval' is defined but never used                                                                          no-unused-vars
  1395:10  warning  'setPipeDiaEval' is defined but never used                                                                             no-unused-vars
  1411:10  warning  'setProcessFluidEval' is defined but never used                                                                        no-unused-vars
  1418:10  warning  'setManoFluidEval' is defined but never used                                                                           no-unused-vars
  1427:10  warning  'setEvalSets' is defined but never used                                                                                no-unused-vars
  1461:18  warning  'x' is already defined                                                                                                 no-redeclare
  1579:52  warning  Unnecessary semicolon                                                                                                  no-extra-semi
  1606:17  warning  'rowCountPost' is assigned a value but never used                                                                      no-unused-vars
  1635:17  warning  'rowCounttt' is assigned a value but never used                                                                        no-unused-vars
  1659:10  warning  'showFirstScreen' is defined but never used                                                                            no-unused-vars

✖ 218 problems (1 error, 217 warnings)
  0 errors and 1 warning potentially fixable with the `--fix` option.

